<?xml version="1.0" encoding="UTF-8"?>
<Site BuildName="(empty)"
	BuildStamp="20250623-1403-Experimental"
	Name="abhi"
	Generator="ctest-3.22.1"
	CompilerName="/usr/bin/g++"
	CompilerVersion="11.4.0"
	OSName="Linux"
	Hostname="abhi"
	OSRelease="6.8.0-60-generic"
	OSVersion="#63~22.04.1-Ubuntu SMP PREEMPT_DYNAMIC Tue Apr 22 19:00:15 UTC 2"
	OSPlatform="x86_64"
	Is64Bits="1"
	VendorString="GenuineIntel"
	VendorID="Intel Corporation"
	FamilyID="6"
	ModelID="142"
	ProcessorCacheSize="4096"
	NumberOfLogicalCPU="4"
	NumberOfPhysicalCPU="2"
	TotalVirtualMemory="2047"
	TotalPhysicalMemory="15754"
	LogicalProcessorsPerPhysical="2"
	ProcessorClockFrequency="3500"
	>
	<Testing>
		<StartDateTime>Jun 23 19:33 IST</StartDateTime>
		<StartTestTime>1750687386</StartTestTime>
		<TestList/>
		<EndDateTime>Jun 23 19:33 IST</EndDateTime>
		<EndTestTime>1750687386</EndTestTime>
		<ElapsedMinutes>0</ElapsedMinutes>
	</Testing>
</Site>
